
08/02/2016 == 17:06:21 -> /LAMP/FrameworkV4/article
08/02/2016 == 17:06:22 -> /LAMP/FrameworkV4/article
08/02/2016 == 17:06:23 -> /LAMP/FrameworkV4/article
08/02/2016 == 17:06:52 -> /LAMP/FrameworkV4/posts/34
08/02/2016 == 20:08:05 -> /LAMP/FrameworkV4/article
08/02/2016 == 20:08:12 -> /LAMP/FrameworkV4/article
08/02/2016 == 20:08:12 -> /LAMP/FrameworkV4/article
10/02/2016 == 14:30:28 -> /LAMP/FrameworkV5/article
10/02/2016 == 14:30:29 -> /LAMP/FrameworkV5/article
10/02/2016 == 14:34:02 -> /LAMP/FrameworkV5/article
10/02/2016 == 14:34:27 -> /LAMP/FrameworkV5/article
10/02/2016 == 14:35:10 -> /LAMP/FrameworkV5/article
10/02/2016 == 14:35:10 -> /LAMP/FrameworkV5/article
10/02/2016 == 14:35:11 -> /LAMP/FrameworkV5/article
10/02/2016 == 14:35:47 -> /LAMP/FrameworkV5/article
10/02/2016 == 14:35:54 -> /LAMP/FrameworkV5/article
10/02/2016 == 14:36:54 -> /LAMP/FrameworkV5/article
10/02/2016 == 14:37:19 -> /LAMP/FrameworkV5/article
10/02/2016 == 14:37:33 -> /LAMP/FrameworkV5/article
10/02/2016 == 14:37:34 -> /LAMP/FrameworkV5/posts/45
10/02/2016 == 14:37:51 -> /LAMP/FrameworkV5/article
10/02/2016 == 14:38:02 -> /LAMP/FrameworkV5/article
10/02/2016 == 14:38:24 -> /LAMP/FrameworkV5/article
10/02/2016 == 14:40:57 -> /LAMP/FrameworkV5/article
10/02/2016 == 14:41:00 -> /LAMP/FrameworkV5/
10/02/2016 == 14:41:17 -> /LAMP/FrameworkV5/
10/02/2016 == 14:41:21 -> /LAMP/FrameworkV5/posts/45
10/02/2016 == 14:42:15 -> /LAMP/FrameworkV5/
10/02/2016 == 14:42:16 -> /LAMP/FrameworkV5/article/
10/02/2016 == 14:42:31 -> /LAMP/FrameworkV5/
10/02/2016 == 14:42:33 -> /LAMP/FrameworkV5/article/
10/02/2016 == 14:48:54 -> /LAMP/FrameworkV5/BDD
10/02/2016 == 14:49:19 -> /LAMP/FrameworkV5/BDD
10/02/2016 == 14:50:20 -> /LAMP/FrameworkV5/
10/02/2016 == 14:53:47 -> /LAMP/FrameworkV5/
10/02/2016 == 14:55:30 -> /LAMP/FrameworkV5/
10/02/2016 == 14:55:31 -> /LAMP/FrameworkV5/BDD/
10/02/2016 == 14:55:52 -> /LAMP/FrameworkV5/BDD/
10/02/2016 == 15:14:39 -> /LAMP/FrameworkV5/
10/02/2016 == 15:14:40 -> /LAMP/FrameworkV5/Log/Error/
10/02/2016 == 15:14:45 -> /LAMP/FrameworkV5/Log/Access/
10/02/2016 == 15:14:58 -> /LAMP/FrameworkV5/